Traceback (most recent call last):
  File "/home/danielco/Downloads/nn-var-cov-pred/src/training/runners.py", line 89, in run_model_training
    verbose=verbose)
  File "/home/danielco/Downloads/nn-var-cov-pred/src/training/optimization.py", line 73, in hyper_params_search
    validation_data=validation_data)
  File "/home/danielco/miniconda3/envs/dcunhao/lib/python3.7/site-packages/sklearn/model_selection/_search.py", line 646, in fit
    with parallel:
  File "/home/danielco/miniconda3/envs/dcunhao/lib/python3.7/site-packages/joblib/parallel.py", line 725, in __enter__
    self._initialize_backend()
  File "/home/danielco/miniconda3/envs/dcunhao/lib/python3.7/site-packages/joblib/parallel.py", line 736, in _initialize_backend
    **self._backend_args)
  File "/home/danielco/miniconda3/envs/dcunhao/lib/python3.7/site-packages/joblib/_parallel_backends.py", line 497, in configure
    context_id=parallel._id, **memmappingexecutor_args)
  File "/home/danielco/miniconda3/envs/dcunhao/lib/python3.7/site-packages/joblib/executor.py", line 20, in get_memmapping_executor
    return MemmappingExecutor.get_memmapping_executor(n_jobs, **kwargs)
  File "/home/danielco/miniconda3/envs/dcunhao/lib/python3.7/site-packages/joblib/executor.py", line 55, in get_memmapping_executor
    initargs=initargs, env=env
  File "/home/danielco/miniconda3/envs/dcunhao/lib/python3.7/site-packages/joblib/externals/loky/reusable_executor.py", line 160, in get_reusable_executor
    executor.shutdown(wait=True, kill_workers=kill_workers)
  File "/home/danielco/miniconda3/envs/dcunhao/lib/python3.7/site-packages/joblib/externals/loky/process_executor.py", line 1185, in shutdown
    executor_manager_thread.join()
  File "/home/danielco/miniconda3/envs/dcunhao/lib/python3.7/threading.py", line 1032, in join
    self._wait_for_tstate_lock()
  File "/home/danielco/miniconda3/envs/dcunhao/lib/python3.7/threading.py", line 1048, in _wait_for_tstate_lock
    elif lock.acquire(block, timeout):
KeyboardInterrupt
