Traceback (most recent call last):
  File "/Users/danieloliveira/Documents/Daniel/codes/nn-var-cov-pred/src/training/runners.py", line 89, in run_model_training
    verbose=verbose)
  File "/Users/danieloliveira/Documents/Daniel/codes/nn-var-cov-pred/src/training/optimization.py", line 73, in hyper_params_search
    validation_data=validation_data)
  File "/Users/danieloliveira/opt/anaconda3/envs/dcuoliveira/lib/python3.6/site-packages/sklearn/model_selection/_search.py", line 687, in fit
    self._run_search(evaluate_candidates)
  File "/Users/danieloliveira/opt/anaconda3/envs/dcuoliveira/lib/python3.6/site-packages/sklearn/model_selection/_search.py", line 1468, in _run_search
    random_state=self.random_state))
  File "/Users/danieloliveira/opt/anaconda3/envs/dcuoliveira/lib/python3.6/site-packages/sklearn/model_selection/_search.py", line 666, in evaluate_candidates
    cv.split(X, y, groups)))
  File "/Users/danieloliveira/opt/anaconda3/envs/dcuoliveira/lib/python3.6/site-packages/joblib/parallel.py", line 1041, in __call__
    if self.dispatch_one_batch(iterator):
  File "/Users/danieloliveira/opt/anaconda3/envs/dcuoliveira/lib/python3.6/site-packages/joblib/parallel.py", line 859, in dispatch_one_batch
    self._dispatch(tasks)
  File "/Users/danieloliveira/opt/anaconda3/envs/dcuoliveira/lib/python3.6/site-packages/joblib/parallel.py", line 777, in _dispatch
    job = self._backend.apply_async(batch, callback=cb)
  File "/Users/danieloliveira/opt/anaconda3/envs/dcuoliveira/lib/python3.6/site-packages/joblib/_parallel_backends.py", line 208, in apply_async
    result = ImmediateResult(func)
  File "/Users/danieloliveira/opt/anaconda3/envs/dcuoliveira/lib/python3.6/site-packages/joblib/_parallel_backends.py", line 572, in __init__
    self.results = batch()
  File "/Users/danieloliveira/opt/anaconda3/envs/dcuoliveira/lib/python3.6/site-packages/joblib/parallel.py", line 263, in __call__
    for func, args, kwargs in self.items]
  File "/Users/danieloliveira/opt/anaconda3/envs/dcuoliveira/lib/python3.6/site-packages/joblib/parallel.py", line 263, in <listcomp>
    for func, args, kwargs in self.items]
  File "/Users/danieloliveira/opt/anaconda3/envs/dcuoliveira/lib/python3.6/site-packages/sklearn/model_selection/_validation.py", line 554, in _fit_and_score
    test_scores = _score(estimator, X_test, y_test, scorer, is_multimetric)
  File "/Users/danieloliveira/opt/anaconda3/envs/dcuoliveira/lib/python3.6/site-packages/sklearn/model_selection/_validation.py", line 597, in _score
    return _multimetric_score(estimator, X_test, y_test, scorer)
  File "/Users/danieloliveira/opt/anaconda3/envs/dcuoliveira/lib/python3.6/site-packages/sklearn/model_selection/_validation.py", line 627, in _multimetric_score
    score = scorer(estimator, X_test, y_test)
  File "/Users/danieloliveira/opt/anaconda3/envs/dcuoliveira/lib/python3.6/site-packages/sklearn/metrics/scorer.py", line 97, in __call__
    **self._kwargs)
  File "/Users/danieloliveira/Documents/Daniel/codes/nn-var-cov-pred/src/training/loss_functions.py", line 11, in weighted_mean_squared_error
    return tf.reduce_mean(tf.square(y_true - y_pred_of_nonzeros)) + tf.reduce_mean(tf.square(y_true - y_pred)) * w
  File "/Users/danieloliveira/opt/anaconda3/envs/dcuoliveira/lib/python3.6/site-packages/tensorflow_core/python/ops/math_ops.py", line 899, in binary_op_wrapper
    return func(x, y, name=name)
  File "/Users/danieloliveira/opt/anaconda3/envs/dcuoliveira/lib/python3.6/site-packages/tensorflow_core/python/ops/math_ops.py", line 1197, in _add_dispatch
    return gen_math_ops.add_v2(x, y, name=name)
  File "/Users/danieloliveira/opt/anaconda3/envs/dcuoliveira/lib/python3.6/site-packages/tensorflow_core/python/ops/gen_math_ops.py", line 546, in add_v2
    _six.raise_from(_core._status_to_exception(e.code, message), None)
  File "<string>", line 3, in raise_from
tensorflow.python.framework.errors_impl.InvalidArgumentError: cannot compute AddV2 as input #1(zero-based) was expected to be a float tensor but is a double tensor [Op:AddV2] name: add/
