Traceback (most recent call last):
  File "/home/danielco/Downloads/nn-var-cov-pred/src/training/runners.py", line 87, in run_model_training
    model_search = opt.hyper_params_search(X=X_train_zscore,
  File "/home/danielco/Downloads/nn-var-cov-pred/src/training/optimization.py", line 69, in hyper_params_search
    model_search_output = model_search.fit(X=X,
  File "/home/danielco/miniconda3/lib/python3.9/site-packages/sklearn/model_selection/_search.py", line 891, in fit
    self._run_search(evaluate_candidates)
  File "/home/danielco/miniconda3/lib/python3.9/site-packages/sklearn/model_selection/_search.py", line 1766, in _run_search
    evaluate_candidates(
  File "/home/danielco/miniconda3/lib/python3.9/site-packages/sklearn/model_selection/_search.py", line 838, in evaluate_candidates
    out = parallel(
  File "/home/danielco/miniconda3/lib/python3.9/site-packages/joblib/parallel.py", line 1043, in __call__
    if self.dispatch_one_batch(iterator):
  File "/home/danielco/miniconda3/lib/python3.9/site-packages/joblib/parallel.py", line 861, in dispatch_one_batch
    self._dispatch(tasks)
  File "/home/danielco/miniconda3/lib/python3.9/site-packages/joblib/parallel.py", line 779, in _dispatch
    job = self._backend.apply_async(batch, callback=cb)
  File "/home/danielco/miniconda3/lib/python3.9/site-packages/joblib/_parallel_backends.py", line 531, in apply_async
    future = self._workers.submit(SafeFunction(func))
  File "/home/danielco/miniconda3/lib/python3.9/site-packages/joblib/externals/loky/reusable_executor.py", line 177, in submit
    return super(_ReusablePoolExecutor, self).submit(
  File "/home/danielco/miniconda3/lib/python3.9/site-packages/joblib/externals/loky/process_executor.py", line 1135, in submit
    self._ensure_executor_running()
  File "/home/danielco/miniconda3/lib/python3.9/site-packages/joblib/externals/loky/process_executor.py", line 1109, in _ensure_executor_running
    self._adjust_process_count()
  File "/home/danielco/miniconda3/lib/python3.9/site-packages/joblib/externals/loky/process_executor.py", line 1100, in _adjust_process_count
    p.start()
  File "/home/danielco/miniconda3/lib/python3.9/multiprocessing/process.py", line 121, in start
    self._popen = self._Popen(self)
  File "/home/danielco/miniconda3/lib/python3.9/site-packages/joblib/externals/loky/backend/process.py", line 39, in _Popen
    return Popen(process_obj)
KeyboardInterrupt
